Using pre-set license
Built from '2021.2/staging' branch; Version is '2021.2.18f1 (0c6e675195cf) revision 814695'; Using compiler version '192829333'; Build Type 'Release'
OS: 'Windows 10  (10.0.19042) 64bit Professional' Language: 'ko' Physical Memory: 32686 MB
BatchMode: 1, IsHumanControllingUs: 0, StartBugReporterOnCrash: 0, Is64bit: 1, IsPro: 1

COMMAND LINE ARGUMENTS:
C:\Program Files\Unity 2021.2.18f1\Editor\Unity.exe
-adb2
-batchMode
-noUpm
-name
AssetImportWorker0
-projectPath
C:/Users/YONSAI/Documents/GitHub/unity-MyFps/MyFps
-logFile
Logs/AssetImportWorker0.log
-srvPort
65083
Successfully changed project path to: C:/Users/YONSAI/Documents/GitHub/unity-MyFps/MyFps
C:/Users/YONSAI/Documents/GitHub/unity-MyFps/MyFps
[UnityMemory] Configuration Parameters - Can be set up in boot.config
    "memorysetup-bucket-allocator-granularity=16"
    "memorysetup-bucket-allocator-bucket-count=8"
    "memorysetup-bucket-allocator-block-size=33554432"
    "memorysetup-bucket-allocator-block-count=8"
    "memorysetup-main-allocator-block-size=16777216"
    "memorysetup-thread-allocator-block-size=16777216"
    "memorysetup-gfx-main-allocator-block-size=16777216"
    "memorysetup-gfx-thread-allocator-block-size=16777216"
    "memorysetup-cache-allocator-block-size=4194304"
    "memorysetup-typetree-allocator-block-size=2097152"
    "memorysetup-profiler-bucket-allocator-granularity=16"
    "memorysetup-profiler-bucket-allocator-bucket-count=8"
    "memorysetup-profiler-bucket-allocator-block-size=33554432"
    "memorysetup-profiler-bucket-allocator-block-count=8"
    "memorysetup-profiler-allocator-block-size=16777216"
    "memorysetup-profiler-editor-allocator-block-size=1048576"
    "memorysetup-temp-allocator-size-main=16777216"
    "memorysetup-job-temp-allocator-block-size=2097152"
    "memorysetup-job-temp-allocator-block-size-background=1048576"
    "memorysetup-job-temp-allocator-reduction-small-platforms=262144"
    "memorysetup-temp-allocator-size-background-worker=32768"
    "memorysetup-temp-allocator-size-job-worker=262144"
    "memorysetup-temp-allocator-size-preload-manager=33554432"
    "memorysetup-temp-allocator-size-nav-mesh-worker=65536"
    "memorysetup-temp-allocator-size-audio-worker=65536"
    "memorysetup-temp-allocator-size-cloud-worker=32768"
    "memorysetup-temp-allocator-size-gi-baking-worker=262144"
    "memorysetup-temp-allocator-size-gfx=262144"
Refreshing native plugins compatible for Editor in 72.01 ms, found 3 plugins.
Preloading 0 native plugins for Editor in 0.00 ms.
Initialize engine version: 2021.2.18f1 (0c6e675195cf)
[Subsystems] Discovering subsystems at path C:/Program Files/Unity 2021.2.18f1/Editor/Data/Resources/UnitySubsystems
[Subsystems] Discovering subsystems at path C:/Users/YONSAI/Documents/GitHub/unity-MyFps/MyFps/Assets
GfxDevice: creating device client; threaded=0; jobified=0
Direct3D:
    Version:  Direct3D 11.0 [level 11.1]
    Renderer: NVIDIA GeForce GTX 1650 (ID=0x1f82)
    Vendor:   NVIDIA
    VRAM:     3962 MB
    Driver:   30.0.14.9729
Initialize mono
Mono path[0] = 'C:/Program Files/Unity 2021.2.18f1/Editor/Data/Managed'
Mono path[1] = 'C:/Program Files/Unity 2021.2.18f1/Editor/Data/MonoBleedingEdge/lib/mono/unityjit-win32'
Mono config path = 'C:/Program Files/Unity 2021.2.18f1/Editor/Data/MonoBleedingEdge/etc'
Using monoOptions --debugger-agent=transport=dt_socket,embedding=1,server=y,suspend=n,address=127.0.0.1:56920
Begin MonoManager ReloadAssembly
Registering precompiled unity dll's ...
Register platform support module: C:/Program Files/Unity 2021.2.18f1/Editor/Data/PlaybackEngines/WindowsStandaloneSupport/UnityEditor.WindowsStandalone.Extensions.dll
Registered in 0.005658 seconds.
Native extension for WindowsStandalone target not found
Refreshing native plugins compatible for Editor in 69.75 ms, found 3 plugins.
Preloading 0 native plugins for Editor in 0.00 ms.
Mono: successfully reloaded assembly
- Completed reload, in  0.558 seconds
Domain Reload Profiling:
	ReloadAssembly (558ms)
		BeginReloadAssembly (70ms)
			ExecutionOrderSort (0ms)
			DisableScriptedObjects (0ms)
			BackupInstance (0ms)
			ReleaseScriptingObjects (0ms)
			CreateAndSetChildDomain (1ms)
		EndReloadAssembly (391ms)
			LoadAssemblies (68ms)
			RebuildTransferFunctionScriptingTraits (0ms)
			SetupTypeCache (93ms)
			ReleaseScriptCaches (0ms)
			RebuildScriptCaches (24ms)
			SetupLoadedEditorAssemblies (229ms)
				LogAssemblyErrors (0ms)
				InitializePlatformSupportModulesInManaged (7ms)
				SetLoadedEditorAssemblies (0ms)
				RefreshPlugins (70ms)
				BeforeProcessingInitializeOnLoad (1ms)
				ProcessInitializeOnLoadAttributes (108ms)
				ProcessInitializeOnLoadMethodAttributes (44ms)
				AfterProcessingInitializeOnLoad (0ms)
				EditorAssembliesLoaded (0ms)
			ExecutionOrderSort2 (0ms)
			AwakeInstancesAfterBackupRestoration (0ms)
Platform modules already initialized, skipping
Registering precompiled user dll's ...
Registered in 0.004825 seconds.
Begin MonoManager ReloadAssembly
Symbol file LoadedFromMemory doesn't match image C:\Users\YONSAI\Documents\GitHub\unity-MyFps\MyFps\Library\PackageCache\com.unity.visualscripting@1.7.6\Editor\VisualScripting.Core\Dependencies\YamlDotNet\Unity.VisualScripting.YamlDotNet.dll
Symbol file LoadedFromMemory doesn't match image C:\Users\YONSAI\Documents\GitHub\unity-MyFps\MyFps\Library\PackageCache\com.unity.visualscripting@1.7.6\Editor\VisualScripting.Core\Dependencies\DotNetZip\Unity.VisualScripting.IonicZip.dll
Native extension for WindowsStandalone target not found
Refreshing native plugins compatible for Editor in 0.50 ms, found 3 plugins.
Preloading 0 native plugins for Editor in 0.00 ms.
Mono: successfully reloaded assembly
- Completed reload, in  0.896 seconds
Domain Reload Profiling:
	ReloadAssembly (896ms)
		BeginReloadAssembly (109ms)
			ExecutionOrderSort (0ms)
			DisableScriptedObjects (5ms)
			BackupInstance (0ms)
			ReleaseScriptingObjects (0ms)
			CreateAndSetChildDomain (15ms)
		EndReloadAssembly (681ms)
			LoadAssemblies (83ms)
			RebuildTransferFunctionScriptingTraits (0ms)
			SetupTypeCache (222ms)
			ReleaseScriptCaches (1ms)
			RebuildScriptCaches (48ms)
			SetupLoadedEditorAssemblies (303ms)
				LogAssemblyErrors (0ms)
				InitializePlatformSupportModulesInManaged (5ms)
				SetLoadedEditorAssemblies (0ms)
				RefreshPlugins (1ms)
				BeforeProcessingInitializeOnLoad (77ms)
				ProcessInitializeOnLoadAttributes (189ms)
				ProcessInitializeOnLoadMethodAttributes (22ms)
				AfterProcessingInitializeOnLoad (9ms)
				EditorAssembliesLoaded (0ms)
			ExecutionOrderSort2 (0ms)
			AwakeInstancesAfterBackupRestoration (6ms)
Platform modules already initialized, skipping
========================================================================
Worker process is ready to serve import requests
Launched and connected shader compiler UnityShaderCompiler.exe after 0.05 seconds
Refreshing native plugins compatible for Editor in 0.94 ms, found 3 plugins.
Preloading 0 native plugins for Editor in 0.00 ms.
Unloading 3352 Unused Serialized files (Serialized files now loaded: 0)
Unloading 23 unused Assets / (112.3 KB). Loaded Objects now: 3835.
Memory consumption went from 127.3 MB to 127.2 MB.
Total: 3.281700 ms (FindLiveObjects: 0.283900 ms CreateObjectMapping: 0.220600 ms MarkObjects: 2.681000 ms  DeleteObjects: 0.095300 ms)

AssetImportParameters requested are different than current active one (requested -> active):
  custom:video-decoder-ogg-theora: a1e56fd34408186e4bbccfd4996cb3dc -> 
  custom:container-muxer-webm: aa71ff27fc2769a1b78a27578f13a17b -> 
  custom:container-demuxer-webm: 4f35f7cbe854078d1ac9338744f61a02 -> 
  custom:video-encoder-webm-vp8: eb34c28f22e8b96e1ab97ce403110664 -> 
  custom:audio-encoder-webm-vorbis: bf7c407c2cedff20999df2af8eb42d56 -> 
  custom:framework-win-MediaFoundation: 216162199b28c13a410421893ffa2e32 -> 
  custom:container-demuxer-ogg: 62fdf1f143b41e24485cea50d1cbac27 -> 
  custom:video-decoder-webm-vp8: 9c59270c3fd7afecdb556c50c9e8de78 -> 
  custom:audio-decoder-ogg-vorbis: bf7c407c2cedff20999df2af8eb42d56 -> 
========================================================================
Received Import Request.
  Time since last request: 5305.796110 seconds.
  path: Assets
  artifactKey: Guid(00000000000000001000000000000000) Importer(815301076,1909f56bfc062723c751e8b465ee728b)
Start importing Assets using Guid(00000000000000001000000000000000) Importer(815301076,1909f56bfc062723c751e8b465ee728b)  -> (artifact id: '79842766b460edbeab6a34051e857a80') in 0.014091 seconds 
========================================================================
Received Import Request.
  Time since last request: 0.299791 seconds.
  path: Assets/Enemy
  artifactKey: Guid(31ab1cc5bda4d314e9c1ee740095a291) Importer(815301076,1909f56bfc062723c751e8b465ee728b)
Start importing Assets/Enemy using Guid(31ab1cc5bda4d314e9c1ee740095a291) Importer(815301076,1909f56bfc062723c751e8b465ee728b)  -> (artifact id: '845da2005fdbfe64ae72138d35012304') in 0.004758 seconds 
========================================================================
Received Import Request.
  Time since last request: 7.811042 seconds.
  path: Assets/Enemy/Mutant
  artifactKey: Guid(e765c837cd7b5a44c9492e68898db3ff) Importer(815301076,1909f56bfc062723c751e8b465ee728b)
Start importing Assets/Enemy/Mutant using Guid(e765c837cd7b5a44c9492e68898db3ff) Importer(815301076,1909f56bfc062723c751e8b465ee728b)  -> (artifact id: '5f02a7628d9c69bf0914b312514fc8f8') in 0.005270 seconds 
========================================================================
Received Import Request.
  Time since last request: 49.048136 seconds.
  path: Assets/Enemy/Mutant/Mutant@Crouched Walking.fbx
  artifactKey: Guid(0b5cde6101b92f540a45fc824c2f7dbf) Importer(815301076,1909f56bfc062723c751e8b465ee728b)
Start importing Assets/Enemy/Mutant/Mutant@Crouched Walking.fbx using Guid(0b5cde6101b92f540a45fc824c2f7dbf) Importer(815301076,1909f56bfc062723c751e8b465ee728b)  -> (artifact id: '9c9b325a5ad750ff997ff6987209b982') in 0.044388 seconds 
========================================================================
Received Import Request.
  Time since last request: 0.000021 seconds.
  path: Assets/Enemy/Mutant/Mutant@Zombie Attack.fbx
  artifactKey: Guid(6e0729ab155b7534cb9a8db88321fe5a) Importer(815301076,1909f56bfc062723c751e8b465ee728b)
Start importing Assets/Enemy/Mutant/Mutant@Zombie Attack.fbx using Guid(6e0729ab155b7534cb9a8db88321fe5a) Importer(815301076,1909f56bfc062723c751e8b465ee728b)  -> (artifact id: 'dc942c2369b3b73f6ea5d4c4fc8ebbc4') in 0.010323 seconds 
========================================================================
Received Import Request.
  Time since last request: 6.361293 seconds.
  path: Assets/Enemy/Mutant/Mutant@Idle.fbx
  artifactKey: Guid(ff706ff5cce471849a3393e44d11e2d3) Importer(815301076,1909f56bfc062723c751e8b465ee728b)
Start importing Assets/Enemy/Mutant/Mutant@Idle.fbx using Guid(ff706ff5cce471849a3393e44d11e2d3) Importer(815301076,1909f56bfc062723c751e8b465ee728b)  -> (artifact id: 'e9404008dde02a60f11ce1ab06e98755') in 0.122036 seconds 
========================================================================
Received Import Request.
  Time since last request: 79.179630 seconds.
  path: Assets/Enemy/Mutant/Crouched Walking.anim
  artifactKey: Guid(70350b006953ad84b92206dfa2150c33) Importer(815301076,1909f56bfc062723c751e8b465ee728b)
Start importing Assets/Enemy/Mutant/Crouched Walking.anim using Guid(70350b006953ad84b92206dfa2150c33) Importer(815301076,1909f56bfc062723c751e8b465ee728b)  -> (artifact id: '9d7676bdd8509eaca138bd7dd21886f6') in 0.011101 seconds 
========================================================================
Received Import Request.
  Time since last request: 12.805773 seconds.
  path: Assets/Enemy/Mutant/alking.anim
  artifactKey: Guid(70350b006953ad84b92206dfa2150c33) Importer(815301076,1909f56bfc062723c751e8b465ee728b)
Start importing Assets/Enemy/Mutant/alking.anim using Guid(70350b006953ad84b92206dfa2150c33) Importer(815301076,1909f56bfc062723c751e8b465ee728b)  -> (artifact id: '3065cd5e1c7f334610bd907f599314d8') in 0.007148 seconds 
========================================================================
Received Import Request.
  Time since last request: 1.483141 seconds.
  path: Assets/Enemy/Mutant/Walking.anim
  artifactKey: Guid(70350b006953ad84b92206dfa2150c33) Importer(815301076,1909f56bfc062723c751e8b465ee728b)
Start importing Assets/Enemy/Mutant/Walking.anim using Guid(70350b006953ad84b92206dfa2150c33) Importer(815301076,1909f56bfc062723c751e8b465ee728b)  -> (artifact id: '631d5a3e3a303296966bc4f2833c3b55') in 0.007670 seconds 
========================================================================
Received Import Request.
  Time since last request: 4.707758 seconds.
  path: Assets/Enemy/Mutant/Walk.anim
  artifactKey: Guid(70350b006953ad84b92206dfa2150c33) Importer(815301076,1909f56bfc062723c751e8b465ee728b)
Start importing Assets/Enemy/Mutant/Walk.anim using Guid(70350b006953ad84b92206dfa2150c33) Importer(815301076,1909f56bfc062723c751e8b465ee728b)  -> (artifact id: '3adab0272516e966d196a278e0d35f26') in 0.008030 seconds 
========================================================================
Received Import Request.
  Time since last request: 29.217938 seconds.
  path: Assets/Enemy/Mutant/Zombie Attack.anim
  artifactKey: Guid(6d574251c71fea14fa2739de27654592) Importer(815301076,1909f56bfc062723c751e8b465ee728b)
Start importing Assets/Enemy/Mutant/Zombie Attack.anim using Guid(6d574251c71fea14fa2739de27654592) Importer(815301076,1909f56bfc062723c751e8b465ee728b)  -> (artifact id: '20e8234f32f5aa2a9633317820ade63b') in 0.009930 seconds 
========================================================================
Received Import Request.
  Time since last request: 2.892924 seconds.
  path: Assets/Enemy/Mutant/Attack.anim
  artifactKey: Guid(6d574251c71fea14fa2739de27654592) Importer(815301076,1909f56bfc062723c751e8b465ee728b)
Start importing Assets/Enemy/Mutant/Attack.anim using Guid(6d574251c71fea14fa2739de27654592) Importer(815301076,1909f56bfc062723c751e8b465ee728b)  -> (artifact id: 'c727db736dfba05194740fc14ff73649') in 0.009801 seconds 
========================================================================
Received Import Request.
  Time since last request: 4.159238 seconds.
  path: Assets/Enemy/Mutant/Death.anim
  artifactKey: Guid(2488542d015e0b24d8202c791751d4d5) Importer(815301076,1909f56bfc062723c751e8b465ee728b)
Start importing Assets/Enemy/Mutant/Death.anim using Guid(2488542d015e0b24d8202c791751d4d5) Importer(815301076,1909f56bfc062723c751e8b465ee728b)  -> (artifact id: '7a769926ba73aaf9b42f533e03b94ae9') in 0.010896 seconds 
========================================================================
Received Import Request.
  Time since last request: 4.834169 seconds.
  path: Assets/Enemy/Mutant/Idle.anim
  artifactKey: Guid(b53fcea8b8e59cf45af261a5411f55cc) Importer(815301076,1909f56bfc062723c751e8b465ee728b)
Start importing Assets/Enemy/Mutant/Idle.anim using Guid(b53fcea8b8e59cf45af261a5411f55cc) Importer(815301076,1909f56bfc062723c751e8b465ee728b)  -> (artifact id: '707a53f40aa72558a71f08d2c0f841aa') in 0.005776 seconds 
========================================================================
Received Import Request.
  Time since last request: 162.193562 seconds.
  path: Assets/Enemy/Mutant/Mutant.controller
  artifactKey: Guid(6a3bd303e814657499697e7a9fa392fa) Importer(815301076,1909f56bfc062723c751e8b465ee728b)
Start importing Assets/Enemy/Mutant/Mutant.controller using Guid(6a3bd303e814657499697e7a9fa392fa) Importer(815301076,1909f56bfc062723c751e8b465ee728b)  -> (artifact id: 'e37ecaf8215ed3a900762c8b350897fb') in 0.004453 seconds 
========================================================================
Received Prepare
Registering precompiled user dll's ...
Registered in 0.004168 seconds.
Begin MonoManager ReloadAssembly
Symbol file LoadedFromMemory doesn't match image C:\Users\YONSAI\Documents\GitHub\unity-MyFps\MyFps\Library\PackageCache\com.unity.visualscripting@1.7.6\Editor\VisualScripting.Core\Dependencies\YamlDotNet\Unity.VisualScripting.YamlDotNet.dll
Symbol file LoadedFromMemory doesn't match image C:\Users\YONSAI\Documents\GitHub\unity-MyFps\MyFps\Library\PackageCache\com.unity.visualscripting@1.7.6\Editor\VisualScripting.Core\Dependencies\DotNetZip\Unity.VisualScripting.IonicZip.dll
Native extension for WindowsStandalone target not found
Refreshing native plugins compatible for Editor in 0.70 ms, found 3 plugins.
Preloading 0 native plugins for Editor in 0.00 ms.
Mono: successfully reloaded assembly
- Completed reload, in  0.867 seconds
Domain Reload Profiling:
	ReloadAssembly (867ms)
		BeginReloadAssembly (125ms)
			ExecutionOrderSort (0ms)
			DisableScriptedObjects (4ms)
			BackupInstance (0ms)
			ReleaseScriptingObjects (0ms)
			CreateAndSetChildDomain (28ms)
		EndReloadAssembly (653ms)
			LoadAssemblies (79ms)
			RebuildTransferFunctionScriptingTraits (0ms)
			SetupTypeCache (234ms)
			ReleaseScriptCaches (1ms)
			RebuildScriptCaches (31ms)
			SetupLoadedEditorAssemblies (277ms)
				LogAssemblyErrors (0ms)
				InitializePlatformSupportModulesInManaged (12ms)
				SetLoadedEditorAssemblies (1ms)
				RefreshPlugins (1ms)
				BeforeProcessingInitializeOnLoad (65ms)
				ProcessInitializeOnLoadAttributes (170ms)
				ProcessInitializeOnLoadMethodAttributes (21ms)
				AfterProcessingInitializeOnLoad (8ms)
				EditorAssembliesLoaded (0ms)
			ExecutionOrderSort2 (0ms)
			AwakeInstancesAfterBackupRestoration (7ms)
Platform modules already initialized, skipping
Refreshing native plugins compatible for Editor in 2.51 ms, found 3 plugins.
Preloading 0 native plugins for Editor in 0.00 ms.
Unloading 3334 Unused Serialized files (Serialized files now loaded: 0)
Unloading 16 unused Assets / (79.1 KB). Loaded Objects now: 3881.
Memory consumption went from 143.3 MB to 143.2 MB.
Total: 3.092300 ms (FindLiveObjects: 0.282200 ms CreateObjectMapping: 0.189500 ms MarkObjects: 2.534900 ms  DeleteObjects: 0.084700 ms)

AssetImportParameters requested are different than current active one (requested -> active):
  custom:video-decoder-ogg-theora: a1e56fd34408186e4bbccfd4996cb3dc -> 
  custom:container-muxer-webm: aa71ff27fc2769a1b78a27578f13a17b -> 
  custom:container-demuxer-webm: 4f35f7cbe854078d1ac9338744f61a02 -> 
  custom:video-encoder-webm-vp8: eb34c28f22e8b96e1ab97ce403110664 -> 
  custom:audio-encoder-webm-vorbis: bf7c407c2cedff20999df2af8eb42d56 -> 
  custom:framework-win-MediaFoundation: 216162199b28c13a410421893ffa2e32 -> 
  custom:container-demuxer-ogg: 62fdf1f143b41e24485cea50d1cbac27 -> 
  custom:video-decoder-webm-vp8: 9c59270c3fd7afecdb556c50c9e8de78 -> 
  custom:audio-decoder-ogg-vorbis: bf7c407c2cedff20999df2af8eb42d56 -> 
========================================================================
Received Prepare
Registering precompiled user dll's ...
Registered in 0.004885 seconds.
Begin MonoManager ReloadAssembly
Symbol file LoadedFromMemory doesn't match image C:\Users\YONSAI\Documents\GitHub\unity-MyFps\MyFps\Library\PackageCache\com.unity.visualscripting@1.7.6\Editor\VisualScripting.Core\Dependencies\YamlDotNet\Unity.VisualScripting.YamlDotNet.dll
Symbol file LoadedFromMemory doesn't match image C:\Users\YONSAI\Documents\GitHub\unity-MyFps\MyFps\Library\PackageCache\com.unity.visualscripting@1.7.6\Editor\VisualScripting.Core\Dependencies\DotNetZip\Unity.VisualScripting.IonicZip.dll
Native extension for WindowsStandalone target not found
Refreshing native plugins compatible for Editor in 0.72 ms, found 3 plugins.
Preloading 0 native plugins for Editor in 0.00 ms.
Mono: successfully reloaded assembly
- Completed reload, in  0.875 seconds
Domain Reload Profiling:
	ReloadAssembly (875ms)
		BeginReloadAssembly (117ms)
			ExecutionOrderSort (0ms)
			DisableScriptedObjects (5ms)
			BackupInstance (0ms)
			ReleaseScriptingObjects (0ms)
			CreateAndSetChildDomain (25ms)
		EndReloadAssembly (669ms)
			LoadAssemblies (76ms)
			RebuildTransferFunctionScriptingTraits (0ms)
			SetupTypeCache (237ms)
			ReleaseScriptCaches (1ms)
			RebuildScriptCaches (38ms)
			SetupLoadedEditorAssemblies (282ms)
				LogAssemblyErrors (0ms)
				InitializePlatformSupportModulesInManaged (13ms)
				SetLoadedEditorAssemblies (1ms)
				RefreshPlugins (1ms)
				BeforeProcessingInitializeOnLoad (63ms)
				ProcessInitializeOnLoadAttributes (175ms)
				ProcessInitializeOnLoadMethodAttributes (21ms)
				AfterProcessingInitializeOnLoad (8ms)
				EditorAssembliesLoaded (0ms)
			ExecutionOrderSort2 (0ms)
			AwakeInstancesAfterBackupRestoration (6ms)
Platform modules already initialized, skipping
Refreshing native plugins compatible for Editor in 2.22 ms, found 3 plugins.
Preloading 0 native plugins for Editor in 0.00 ms.
Unloading 3334 Unused Serialized files (Serialized files now loaded: 0)
Unloading 16 unused Assets / (79.2 KB). Loaded Objects now: 3884.
Memory consumption went from 143.3 MB to 143.2 MB.
Total: 3.330000 ms (FindLiveObjects: 0.272000 ms CreateObjectMapping: 0.202700 ms MarkObjects: 2.743300 ms  DeleteObjects: 0.111000 ms)

AssetImportParameters requested are different than current active one (requested -> active):
  custom:video-decoder-ogg-theora: a1e56fd34408186e4bbccfd4996cb3dc -> 
  custom:container-muxer-webm: aa71ff27fc2769a1b78a27578f13a17b -> 
  custom:container-demuxer-webm: 4f35f7cbe854078d1ac9338744f61a02 -> 
  custom:video-encoder-webm-vp8: eb34c28f22e8b96e1ab97ce403110664 -> 
  custom:audio-encoder-webm-vorbis: bf7c407c2cedff20999df2af8eb42d56 -> 
  custom:framework-win-MediaFoundation: 216162199b28c13a410421893ffa2e32 -> 
  custom:container-demuxer-ogg: 62fdf1f143b41e24485cea50d1cbac27 -> 
  custom:video-decoder-webm-vp8: 9c59270c3fd7afecdb556c50c9e8de78 -> 
  custom:audio-decoder-ogg-vorbis: bf7c407c2cedff20999df2af8eb42d56 -> 
